17:56:07,694  INFO ContextLoader:285 - Root WebApplicationContext: initialization started
17:56:07,959  INFO XmlWebApplicationContext:513 - Refreshing Root WebApplicationContext: startup date [Sun Jun 22 17:56:07 PDT 2014]; root of context hierarchy
17:56:08,062  INFO XmlBeanDefinitionReader:316 - Loading XML bean definitions from ServletContext resource [/WEB-INF/dispatcher-servlet.xml]
17:56:08,598  INFO XmlBeanDefinitionReader:316 - Loading XML bean definitions from ServletContext resource [/WEB-INF/security-context.xml]
17:56:08,662  INFO SpringSecurityCoreVersion:49 - You are running with Spring Security Core 3.2.4.RELEASE
17:56:08,664  INFO SecurityNamespaceHandler:75 - Spring Security 'config' module version is 3.2.4.RELEASE
17:56:08,894  INFO HttpSecurityBeanDefinitionParser:266 - Checking sorted filter chain: [Root bean: class [org.springframework.security.web.context.SecurityContextPersistenceFilter]; scope=; abstract=false; lazyInit=false; autowireMode=0; dependencyCheck=0; autowireCandidate=true; primary=false; factoryBeanName=null; factoryMethodName=null; initMethodName=null; destroyMethodName=null, order = 200, Root bean: class [org.springframework.security.web.context.request.async.WebAsyncManagerIntegrationFilter]; scope=; abstract=false; lazyInit=false; autowireMode=0; dependencyCheck=0; autowireCandidate=true; primary=false; factoryBeanName=null; factoryMethodName=null; initMethodName=null; destroyMethodName=null, order = 400, Root bean: class [org.springframework.security.web.authentication.logout.LogoutFilter]; scope=; abstract=false; lazyInit=false; autowireMode=0; dependencyCheck=0; autowireCandidate=true; primary=false; factoryBeanName=null; factoryMethodName=null; initMethodName=null; destroyMethodName=null, order = 700, <org.springframework.security.web.authentication.UsernamePasswordAuthenticationFilter#0>, order = 1100, Root bean: class [org.springframework.security.web.authentication.www.BasicAuthenticationFilter]; scope=; abstract=false; lazyInit=false; autowireMode=0; dependencyCheck=0; autowireCandidate=true; primary=false; factoryBeanName=null; factoryMethodName=null; initMethodName=null; destroyMethodName=null, order = 1500, Root bean: class [org.springframework.security.web.savedrequest.RequestCacheAwareFilter]; scope=; abstract=false; lazyInit=false; autowireMode=0; dependencyCheck=0; autowireCandidate=true; primary=false; factoryBeanName=null; factoryMethodName=null; initMethodName=null; destroyMethodName=null, order = 1600, Root bean: class [org.springframework.security.web.servletapi.SecurityContextHolderAwareRequestFilter]; scope=; abstract=false; lazyInit=false; autowireMode=0; dependencyCheck=0; autowireCandidate=true; primary=false; factoryBeanName=null; factoryMethodName=null; initMethodName=null; destroyMethodName=null, order = 1700, Root bean: class [org.springframework.security.web.authentication.AnonymousAuthenticationFilter]; scope=; abstract=false; lazyInit=false; autowireMode=0; dependencyCheck=0; autowireCandidate=true; primary=false; factoryBeanName=null; factoryMethodName=null; initMethodName=null; destroyMethodName=null, order = 2000, Root bean: class [org.springframework.security.web.session.SessionManagementFilter]; scope=; abstract=false; lazyInit=false; autowireMode=0; dependencyCheck=0; autowireCandidate=true; primary=false; factoryBeanName=null; factoryMethodName=null; initMethodName=null; destroyMethodName=null, order = 2100, Root bean: class [org.springframework.security.web.access.ExceptionTranslationFilter]; scope=; abstract=false; lazyInit=false; autowireMode=0; dependencyCheck=0; autowireCandidate=true; primary=false; factoryBeanName=null; factoryMethodName=null; initMethodName=null; destroyMethodName=null, order = 2200, <org.springframework.security.web.access.intercept.FilterSecurityInterceptor#0>, order = 2300]
17:56:09,478  INFO EncryptablePropertyPlaceholderConfigurer:172 - Loading properties file from class path resource [server.properties]
17:56:09,484 ERROR ContextLoader:331 - Context initialization failed
java.lang.NullPointerException
	at org.jasypt.encryption.pbe.config.SimplePBEConfig.getPasswordCharArray(SimplePBEConfig.java:434)
	at org.jasypt.encryption.pbe.StandardPBEByteEncryptor.resolveConfigurationPassword(StandardPBEByteEncryptor.java:783)
	at org.jasypt.encryption.pbe.StandardPBEByteEncryptor.initialize(StandardPBEByteEncryptor.java:598)
	at org.jasypt.encryption.pbe.StandardPBEStringEncryptor.initialize(StandardPBEStringEncryptor.java:553)
	at org.jasypt.encryption.pbe.StandardPBEStringEncryptor.decrypt(StandardPBEStringEncryptor.java:705)
	at org.jasypt.properties.PropertyValueEncryptionUtils.decrypt(PropertyValueEncryptionUtils.java:72)
	at org.jasypt.spring31.properties.EncryptablePropertyPlaceholderConfigurer.convertPropertyValue(EncryptablePropertyPlaceholderConfigurer.java:109)
	at org.springframework.beans.factory.config.PropertyResourceConfigurer.convertProperty(PropertyResourceConfigurer.java:123)
	at org.springframework.beans.factory.config.PropertyResourceConfigurer.convertProperties(PropertyResourceConfigurer.java:106)
	at org.springframework.beans.factory.config.PropertyResourceConfigurer.postProcessBeanFactory(PropertyResourceConfigurer.java:83)
	at org.springframework.context.support.PostProcessorRegistrationDelegate.invokeBeanFactoryPostProcessors(PostProcessorRegistrationDelegate.java:265)
	at org.springframework.context.support.PostProcessorRegistrationDelegate.invokeBeanFactoryPostProcessors(PostProcessorRegistrationDelegate.java:162)
	at org.springframework.context.support.AbstractApplicationContext.invokeBeanFactoryPostProcessors(AbstractApplicationContext.java:609)
	at org.springframework.context.support.AbstractApplicationContext.refresh(AbstractApplicationContext.java:464)
	at org.springframework.web.context.ContextLoader.configureAndRefreshWebApplicationContext(ContextLoader.java:403)
	at org.springframework.web.context.ContextLoader.initWebApplicationContext(ContextLoader.java:306)
	at org.springframework.web.context.ContextLoaderListener.contextInitialized(ContextLoaderListener.java:106)
	at org.apache.catalina.core.StandardContext.listenerStart(StandardContext.java:4887)
	at org.apache.catalina.core.StandardContext.startInternal(StandardContext.java:5381)
	at org.apache.catalina.util.LifecycleBase.start(LifecycleBase.java:150)
	at org.apache.catalina.core.ContainerBase$StartChild.call(ContainerBase.java:1559)
	at org.apache.catalina.core.ContainerBase$StartChild.call(ContainerBase.java:1549)
	at java.util.concurrent.FutureTask.run(Unknown Source)
	at java.util.concurrent.ThreadPoolExecutor.runWorker(Unknown Source)
	at java.util.concurrent.ThreadPoolExecutor$Worker.run(Unknown Source)
	at java.lang.Thread.run(Unknown Source)
17:56:09,567  INFO XmlWebApplicationContext:873 - Closing Root WebApplicationContext: startup date [Sun Jun 22 17:56:07 PDT 2014]; root of context hierarchy
17:56:09,585  WARN XmlWebApplicationContext:883 - Exception thrown from ApplicationListener handling ContextClosedEvent
java.lang.IllegalStateException: ApplicationEventMulticaster not initialized - call 'refresh' before multicasting events via the context: Root WebApplicationContext: startup date [Sun Jun 22 17:56:07 PDT 2014]; root of context hierarchy
	at org.springframework.context.support.AbstractApplicationContext.getApplicationEventMulticaster(AbstractApplicationContext.java:346)
	at org.springframework.context.support.AbstractApplicationContext.publishEvent(AbstractApplicationContext.java:333)
	at org.springframework.context.support.AbstractApplicationContext.doClose(AbstractApplicationContext.java:880)
	at org.springframework.context.support.AbstractApplicationContext.close(AbstractApplicationContext.java:841)
	at org.springframework.web.context.ContextLoader.closeWebApplicationContext(ContextLoader.java:579)
	at org.springframework.web.context.ContextLoaderListener.contextDestroyed(ContextLoaderListener.java:115)
	at org.apache.catalina.core.StandardContext.listenerStop(StandardContext.java:4927)
	at org.apache.catalina.core.StandardContext.stopInternal(StandardContext.java:5573)
	at org.apache.catalina.util.LifecycleBase.stop(LifecycleBase.java:232)
	at org.apache.catalina.util.LifecycleBase.start(LifecycleBase.java:160)
	at org.apache.catalina.core.ContainerBase$StartChild.call(ContainerBase.java:1559)
	at org.apache.catalina.core.ContainerBase$StartChild.call(ContainerBase.java:1549)
	at java.util.concurrent.FutureTask.run(Unknown Source)
	at java.util.concurrent.ThreadPoolExecutor.runWorker(Unknown Source)
	at java.util.concurrent.ThreadPoolExecutor$Worker.run(Unknown Source)
	at java.lang.Thread.run(Unknown Source)
17:56:09,607  WARN XmlWebApplicationContext:891 - Exception thrown from LifecycleProcessor on context close
java.lang.IllegalStateException: LifecycleProcessor not initialized - call 'refresh' before invoking lifecycle methods via the context: Root WebApplicationContext: startup date [Sun Jun 22 17:56:07 PDT 2014]; root of context hierarchy
	at org.springframework.context.support.AbstractApplicationContext.getLifecycleProcessor(AbstractApplicationContext.java:359)
	at org.springframework.context.support.AbstractApplicationContext.doClose(AbstractApplicationContext.java:888)
	at org.springframework.context.support.AbstractApplicationContext.close(AbstractApplicationContext.java:841)
	at org.springframework.web.context.ContextLoader.closeWebApplicationContext(ContextLoader.java:579)
	at org.springframework.web.context.ContextLoaderListener.contextDestroyed(ContextLoaderListener.java:115)
	at org.apache.catalina.core.StandardContext.listenerStop(StandardContext.java:4927)
	at org.apache.catalina.core.StandardContext.stopInternal(StandardContext.java:5573)
	at org.apache.catalina.util.LifecycleBase.stop(LifecycleBase.java:232)
	at org.apache.catalina.util.LifecycleBase.start(LifecycleBase.java:160)
	at org.apache.catalina.core.ContainerBase$StartChild.call(ContainerBase.java:1559)
	at org.apache.catalina.core.ContainerBase$StartChild.call(ContainerBase.java:1549)
	at java.util.concurrent.FutureTask.run(Unknown Source)
	at java.util.concurrent.ThreadPoolExecutor.runWorker(Unknown Source)
	at java.util.concurrent.ThreadPoolExecutor$Worker.run(Unknown Source)
	at java.lang.Thread.run(Unknown Source)
17:57:40,523  INFO ContextLoader:285 - Root WebApplicationContext: initialization started
17:57:40,769  INFO XmlWebApplicationContext:513 - Refreshing Root WebApplicationContext: startup date [Sun Jun 22 17:57:40 PDT 2014]; root of context hierarchy
17:57:40,877  INFO XmlBeanDefinitionReader:316 - Loading XML bean definitions from ServletContext resource [/WEB-INF/dispatcher-servlet.xml]
17:57:41,475  INFO XmlBeanDefinitionReader:316 - Loading XML bean definitions from ServletContext resource [/WEB-INF/security-context.xml]
17:57:41,554  INFO SpringSecurityCoreVersion:49 - You are running with Spring Security Core 3.2.4.RELEASE
17:57:41,558  INFO SecurityNamespaceHandler:75 - Spring Security 'config' module version is 3.2.4.RELEASE
17:57:41,814  INFO HttpSecurityBeanDefinitionParser:266 - Checking sorted filter chain: [Root bean: class [org.springframework.security.web.context.SecurityContextPersistenceFilter]; scope=; abstract=false; lazyInit=false; autowireMode=0; dependencyCheck=0; autowireCandidate=true; primary=false; factoryBeanName=null; factoryMethodName=null; initMethodName=null; destroyMethodName=null, order = 200, Root bean: class [org.springframework.security.web.context.request.async.WebAsyncManagerIntegrationFilter]; scope=; abstract=false; lazyInit=false; autowireMode=0; dependencyCheck=0; autowireCandidate=true; primary=false; factoryBeanName=null; factoryMethodName=null; initMethodName=null; destroyMethodName=null, order = 400, Root bean: class [org.springframework.security.web.authentication.logout.LogoutFilter]; scope=; abstract=false; lazyInit=false; autowireMode=0; dependencyCheck=0; autowireCandidate=true; primary=false; factoryBeanName=null; factoryMethodName=null; initMethodName=null; destroyMethodName=null, order = 700, <org.springframework.security.web.authentication.UsernamePasswordAuthenticationFilter#0>, order = 1100, Root bean: class [org.springframework.security.web.authentication.www.BasicAuthenticationFilter]; scope=; abstract=false; lazyInit=false; autowireMode=0; dependencyCheck=0; autowireCandidate=true; primary=false; factoryBeanName=null; factoryMethodName=null; initMethodName=null; destroyMethodName=null, order = 1500, Root bean: class [org.springframework.security.web.savedrequest.RequestCacheAwareFilter]; scope=; abstract=false; lazyInit=false; autowireMode=0; dependencyCheck=0; autowireCandidate=true; primary=false; factoryBeanName=null; factoryMethodName=null; initMethodName=null; destroyMethodName=null, order = 1600, Root bean: class [org.springframework.security.web.servletapi.SecurityContextHolderAwareRequestFilter]; scope=; abstract=false; lazyInit=false; autowireMode=0; dependencyCheck=0; autowireCandidate=true; primary=false; factoryBeanName=null; factoryMethodName=null; initMethodName=null; destroyMethodName=null, order = 1700, Root bean: class [org.springframework.security.web.authentication.AnonymousAuthenticationFilter]; scope=; abstract=false; lazyInit=false; autowireMode=0; dependencyCheck=0; autowireCandidate=true; primary=false; factoryBeanName=null; factoryMethodName=null; initMethodName=null; destroyMethodName=null, order = 2000, Root bean: class [org.springframework.security.web.session.SessionManagementFilter]; scope=; abstract=false; lazyInit=false; autowireMode=0; dependencyCheck=0; autowireCandidate=true; primary=false; factoryBeanName=null; factoryMethodName=null; initMethodName=null; destroyMethodName=null, order = 2100, Root bean: class [org.springframework.security.web.access.ExceptionTranslationFilter]; scope=; abstract=false; lazyInit=false; autowireMode=0; dependencyCheck=0; autowireCandidate=true; primary=false; factoryBeanName=null; factoryMethodName=null; initMethodName=null; destroyMethodName=null, order = 2200, <org.springframework.security.web.access.intercept.FilterSecurityInterceptor#0>, order = 2300]
17:57:42,417  INFO EncryptablePropertyPlaceholderConfigurer:172 - Loading properties file from class path resource [server.properties]
17:57:43,275  INFO Version:66 - HCANN000001: Hibernate Commons Annotations {4.0.4.Final}
17:57:43,293  INFO Version:54 - HHH000412: Hibernate Core {4.3.5.Final}
17:57:43,299  INFO Environment:239 - HHH000206: hibernate.properties not found
17:57:43,304  INFO Environment:346 - HHH000021: Bytecode provider name : javassist
17:57:44,366  INFO Dialect:145 - HHH000400: Using dialect: org.hibernate.dialect.PostgreSQLDialect
17:57:44,400  INFO LobCreatorBuilder:123 - HHH000424: Disabling contextual LOB creation as createClob() method threw error : java.lang.reflect.InvocationTargetException
17:57:44,865  INFO TransactionFactoryInitiator:62 - HHH000399: Using default transaction strategy (direct JDBC transactions)
17:57:44,879  INFO ASTQueryTranslatorFactory:47 - HHH000397: Using ASTQueryTranslatorFactory
17:57:45,013  INFO Version:27 - HV000001: Hibernate Validator 5.1.1.Final
17:57:46,266  INFO SchemaUpdate:182 - HHH000228: Running hbm2ddl schema update
17:57:46,268  INFO SchemaUpdate:193 - HHH000102: Fetching database metadata
17:57:46,278  INFO SchemaUpdate:205 - HHH000396: Updating schema
17:57:46,348  INFO TableMetadata:66 - HHH000261: Table found: public.roles
17:57:46,350  INFO TableMetadata:67 - HHH000037: Columns: [rid, role]
17:57:46,352  INFO TableMetadata:69 - HHH000108: Foreign keys: []
17:57:46,353  INFO TableMetadata:70 - HHH000126: Indexes: [roles_pkey]
17:57:46,397  INFO TableMetadata:66 - HHH000261: Table found: public.Photo
17:57:46,399  INFO TableMetadata:67 - HHH000037: Columns: [uid, creation_date, ispublic, imagecontenttype, description, name, image, pid, imagestorename]
17:57:46,402  INFO TableMetadata:69 - HHH000108: Foreign keys: [fk_qx2wke78tfqbnnlnofsbxtifs]
17:57:46,405  INFO TableMetadata:70 - HHH000126: Indexes: [photo_pkey]
17:57:46,447  INFO TableMetadata:66 - HHH000261: Table found: public.User
17:57:46,448  INFO TableMetadata:67 - HHH000037: Columns: [creation_date, uid, first_name, password_confirm, activated, stored_confirmaion_code, last_name, confirmation_code, password, email_address]
17:57:46,451  INFO TableMetadata:69 - HHH000108: Foreign keys: []
17:57:46,453  INFO TableMetadata:70 - HHH000126: Indexes: [uk_seshmd8qn3lcffsjw5j8wnbnd, user_pkey]
17:57:46,496  INFO TableMetadata:66 - HHH000261: Table found: public.user_roles
17:57:46,497  INFO TableMetadata:67 - HHH000037: Columns: [role_id, user_id]
17:57:46,499  INFO TableMetadata:69 - HHH000108: Foreign keys: [fk_5q4rc4fh1on6567qk69uesvyf, fk_g1uebn6mqk9qiaw45vnacmyo2]
17:57:46,500  INFO TableMetadata:70 - HHH000126: Indexes: [user_roles_pkey]
17:57:46,503  INFO SchemaUpdate:242 - HHH000232: Schema update complete
17:57:46,838  INFO RequestMappingHandlerMapping:181 - Mapped "{[ || / || /photo],methods=[GET],params=[],headers=[],consumes=[],produces=[],custom=[]}" onto public java.lang.String com.spring.photolib.webapp.controller.PhotoController.listPhotos(org.springframework.ui.ModelMap,java.security.Principal)
17:57:46,842  INFO RequestMappingHandlerMapping:181 - Mapped "{[/photo/new],methods=[GET],params=[],headers=[],consumes=[],produces=[],custom=[]}" onto public java.lang.String com.spring.photolib.webapp.controller.PhotoController.newPhoto(org.springframework.ui.ModelMap)
17:57:46,846  INFO RequestMappingHandlerMapping:181 - Mapped "{[/photo/new/create],methods=[POST],params=[],headers=[],consumes=[],produces=[],custom=[]}" onto public java.lang.String com.spring.photolib.webapp.controller.PhotoController.createPhoto(com.spring.photolib.webapp.domain.Photo,org.springframework.validation.BindingResult,org.springframework.web.multipart.MultipartFile,java.security.Principal,org.springframework.ui.ModelMap)
17:57:46,851  INFO RequestMappingHandlerMapping:181 - Mapped "{[/photo/{pid}/edit],methods=[GET],params=[],headers=[],consumes=[],produces=[],custom=[]}" onto public java.lang.String com.spring.photolib.webapp.controller.PhotoController.editPhoto(java.lang.Integer,java.security.Principal,org.springframework.ui.ModelMap)
17:57:46,855  INFO RequestMappingHandlerMapping:181 - Mapped "{[/photo/{pid}],methods=[GET],params=[],headers=[],consumes=[],produces=[],custom=[]}" onto public java.lang.String com.spring.photolib.webapp.controller.PhotoController.getPhotoById(java.lang.Integer,org.springframework.ui.ModelMap) throws java.io.IOException
17:57:46,859  INFO RequestMappingHandlerMapping:181 - Mapped "{[/photo/{pid}],methods=[POST],params=[],headers=[],consumes=[],produces=[],custom=[]}" onto public java.lang.String com.spring.photolib.webapp.controller.PhotoController.updatePhoto(com.spring.photolib.webapp.domain.Photo,org.springframework.validation.BindingResult,org.springframework.web.multipart.MultipartFile,java.lang.Integer,java.security.Principal,org.springframework.ui.ModelMap)
17:57:46,865  INFO RequestMappingHandlerMapping:181 - Mapped "{[/photo/{pid}],methods=[DELETE],params=[],headers=[],consumes=[],produces=[],custom=[]}" onto public java.lang.String com.spring.photolib.webapp.controller.PhotoController.deletePhoto(java.lang.Integer,java.security.Principal,org.springframework.web.servlet.mvc.support.RedirectAttributes)
17:57:46,869  INFO RequestMappingHandlerMapping:181 - Mapped "{[/photo/{pid}/image],methods=[],params=[],headers=[],consumes=[],produces=[],custom=[]}" onto public void com.spring.photolib.webapp.controller.PhotoController.getPhotoImage(java.lang.Integer,javax.servlet.http.HttpServletResponse) throws java.io.IOException
17:57:46,875  INFO RequestMappingHandlerMapping:181 - Mapped "{[/logout],methods=[GET],params=[],headers=[],consumes=[],produces=[],custom=[]}" onto public java.lang.String com.spring.photolib.webapp.controller.SessionController.logout(org.springframework.web.servlet.mvc.support.RedirectAttributes)
17:57:46,878  INFO RequestMappingHandlerMapping:181 - Mapped "{[/login-successful],methods=[GET],params=[],headers=[],consumes=[],produces=[],custom=[]}" onto public java.lang.String com.spring.photolib.webapp.controller.SessionController.successfulLogin()
17:57:46,881  INFO RequestMappingHandlerMapping:181 - Mapped "{[/login],methods=[GET],params=[],headers=[],consumes=[],produces=[],custom=[]}" onto public java.lang.String com.spring.photolib.webapp.controller.SessionController.userLogin(org.springframework.ui.ModelMap)
17:57:46,885  INFO RequestMappingHandlerMapping:181 - Mapped "{[/login-failed],methods=[GET],params=[],headers=[],consumes=[],produces=[],custom=[]}" onto public java.lang.String com.spring.photolib.webapp.controller.SessionController.invalidLogin(org.springframework.ui.ModelMap)
17:57:46,889  INFO RequestMappingHandlerMapping:181 - Mapped "{[/users/new/create],methods=[POST],params=[],headers=[],consumes=[],produces=[],custom=[]}" onto public java.lang.String com.spring.photolib.webapp.controller.UserController.createUser(com.spring.photolib.webapp.domain.User,org.springframework.validation.BindingResult,org.springframework.ui.ModelMap,javax.servlet.http.HttpServletRequest)
17:57:46,895  INFO RequestMappingHandlerMapping:181 - Mapped "{[/users/{id}/photos],methods=[GET],params=[],headers=[],consumes=[],produces=[],custom=[]}" onto public java.lang.String com.spring.photolib.webapp.controller.UserController.showUsersPhotos(java.lang.Integer,org.springframework.ui.ModelMap)
17:57:46,898  INFO RequestMappingHandlerMapping:181 - Mapped "{[/users/{id}/confirmemail],methods=[GET],params=[],headers=[],consumes=[],produces=[],custom=[]}" onto public java.lang.String com.spring.photolib.webapp.controller.UserController.showConfirmEmail(java.lang.Integer,org.springframework.ui.ModelMap)
17:57:46,902  INFO RequestMappingHandlerMapping:181 - Mapped "{[/users/new],methods=[GET],params=[],headers=[],consumes=[],produces=[],custom=[]}" onto public java.lang.String com.spring.photolib.webapp.controller.UserController.newUser(org.springframework.ui.ModelMap)
17:57:46,907  INFO RequestMappingHandlerMapping:181 - Mapped "{[/users/{id}],methods=[GET],params=[],headers=[],consumes=[],produces=[],custom=[]}" onto public java.lang.String com.spring.photolib.webapp.controller.UserController.viewUser(java.lang.Integer)
17:57:46,911  INFO RequestMappingHandlerMapping:181 - Mapped "{[/users/{id}/confirmemail/confirm],methods=[POST],params=[],headers=[],consumes=[],produces=[],custom=[]}" onto public java.lang.String com.spring.photolib.webapp.controller.UserController.confirmEmail(com.spring.photolib.webapp.domain.User,org.springframework.validation.BindingResult,java.lang.Integer,org.springframework.ui.ModelMap,org.springframework.web.servlet.mvc.support.RedirectAttributes)
17:57:47,245  INFO SimpleUrlHandlerMapping:315 - Mapped URL path [/resources/**] onto handler 'org.springframework.web.servlet.resource.ResourceHttpRequestHandler#0'
17:57:47,315  INFO ResourceDatabasePopulator:162 - Executing SQL script from class path resource [import.sql]
17:57:47,322  INFO ResourceDatabasePopulator:217 - Done executing SQL script from class path resource [import.sql] in 5 ms.
17:57:47,422  INFO HibernateTransactionManager:341 - Using DataSource [org.apache.commons.dbcp.BasicDataSource@3af1dc] of Hibernate SessionFactory for HibernateTransactionManager
17:57:47,854  INFO DefaultSecurityFilterChain:28 - Creating filter chain: org.springframework.security.web.util.matcher.AnyRequestMatcher@1, [org.springframework.security.web.context.SecurityContextPersistenceFilter@13ccb31, org.springframework.security.web.context.request.async.WebAsyncManagerIntegrationFilter@4028a8, org.springframework.security.web.authentication.logout.LogoutFilter@2d4c7f, org.springframework.security.web.authentication.UsernamePasswordAuthenticationFilter@1f9323f, org.springframework.security.web.authentication.www.BasicAuthenticationFilter@151e9fc, org.springframework.security.web.savedrequest.RequestCacheAwareFilter@d8d66f, org.springframework.security.web.servletapi.SecurityContextHolderAwareRequestFilter@1e639d9, org.springframework.security.web.authentication.AnonymousAuthenticationFilter@1e01622, org.springframework.security.web.session.SessionManagementFilter@cd1d66, org.springframework.security.web.access.ExceptionTranslationFilter@45297e, org.springframework.security.web.access.intercept.FilterSecurityInterceptor@a70f55]
17:57:47,893  INFO DefaultFilterChainValidator:124 - Checking whether login URL '/login' is accessible with your configuration
17:57:47,937  INFO ContextLoader:325 - Root WebApplicationContext: initialization completed in 7408 ms
17:57:47,968  INFO DispatcherServlet:479 - FrameworkServlet 'dispatcher': initialization started
17:57:47,976  INFO XmlWebApplicationContext:513 - Refreshing WebApplicationContext for namespace 'dispatcher-servlet': startup date [Sun Jun 22 17:57:47 PDT 2014]; parent: Root WebApplicationContext
17:57:47,980  INFO XmlBeanDefinitionReader:316 - Loading XML bean definitions from ServletContext resource [/WEB-INF/dispatcher-servlet.xml]
17:57:48,098  INFO EncryptablePropertyPlaceholderConfigurer:172 - Loading properties file from class path resource [server.properties]
17:57:48,605  INFO Dialect:145 - HHH000400: Using dialect: org.hibernate.dialect.PostgreSQLDialect
17:57:48,607  INFO LobCreatorBuilder:123 - HHH000424: Disabling contextual LOB creation as createClob() method threw error : java.lang.reflect.InvocationTargetException
17:57:48,626  INFO TransactionFactoryInitiator:62 - HHH000399: Using default transaction strategy (direct JDBC transactions)
17:57:48,629  INFO ASTQueryTranslatorFactory:47 - HHH000397: Using ASTQueryTranslatorFactory
17:57:48,677  INFO SchemaUpdate:182 - HHH000228: Running hbm2ddl schema update
17:57:48,679  INFO SchemaUpdate:193 - HHH000102: Fetching database metadata
17:57:48,683  INFO SchemaUpdate:205 - HHH000396: Updating schema
17:57:48,747  INFO TableMetadata:66 - HHH000261: Table found: public.roles
17:57:48,748  INFO TableMetadata:67 - HHH000037: Columns: [rid, role]
17:57:48,749  INFO TableMetadata:69 - HHH000108: Foreign keys: []
17:57:48,750  INFO TableMetadata:70 - HHH000126: Indexes: [roles_pkey]
17:57:48,791  INFO TableMetadata:66 - HHH000261: Table found: public.Photo
17:57:48,793  INFO TableMetadata:67 - HHH000037: Columns: [uid, creation_date, ispublic, imagecontenttype, description, name, image, pid, imagestorename]
17:57:48,795  INFO TableMetadata:69 - HHH000108: Foreign keys: [fk_qx2wke78tfqbnnlnofsbxtifs]
17:57:48,797  INFO TableMetadata:70 - HHH000126: Indexes: [photo_pkey]
17:57:48,838  INFO TableMetadata:66 - HHH000261: Table found: public.User
17:57:48,840  INFO TableMetadata:67 - HHH000037: Columns: [creation_date, uid, first_name, password_confirm, activated, stored_confirmaion_code, last_name, confirmation_code, password, email_address]
17:57:48,842  INFO TableMetadata:69 - HHH000108: Foreign keys: []
17:57:48,844  INFO TableMetadata:70 - HHH000126: Indexes: [uk_seshmd8qn3lcffsjw5j8wnbnd, user_pkey]
17:57:48,885  INFO TableMetadata:66 - HHH000261: Table found: public.user_roles
17:57:48,887  INFO TableMetadata:67 - HHH000037: Columns: [role_id, user_id]
17:57:48,888  INFO TableMetadata:69 - HHH000108: Foreign keys: [fk_5q4rc4fh1on6567qk69uesvyf, fk_g1uebn6mqk9qiaw45vnacmyo2]
17:57:48,891  INFO TableMetadata:70 - HHH000126: Indexes: [user_roles_pkey]
17:57:48,892  INFO SchemaUpdate:242 - HHH000232: Schema update complete
17:57:48,939  INFO RequestMappingHandlerMapping:181 - Mapped "{[ || / || /photo],methods=[GET],params=[],headers=[],consumes=[],produces=[],custom=[]}" onto public java.lang.String com.spring.photolib.webapp.controller.PhotoController.listPhotos(org.springframework.ui.ModelMap,java.security.Principal)
17:57:48,942  INFO RequestMappingHandlerMapping:181 - Mapped "{[/photo/new],methods=[GET],params=[],headers=[],consumes=[],produces=[],custom=[]}" onto public java.lang.String com.spring.photolib.webapp.controller.PhotoController.newPhoto(org.springframework.ui.ModelMap)
17:57:48,945  INFO RequestMappingHandlerMapping:181 - Mapped "{[/photo/new/create],methods=[POST],params=[],headers=[],consumes=[],produces=[],custom=[]}" onto public java.lang.String com.spring.photolib.webapp.controller.PhotoController.createPhoto(com.spring.photolib.webapp.domain.Photo,org.springframework.validation.BindingResult,org.springframework.web.multipart.MultipartFile,java.security.Principal,org.springframework.ui.ModelMap)
17:57:48,950  INFO RequestMappingHandlerMapping:181 - Mapped "{[/photo/{pid}/edit],methods=[GET],params=[],headers=[],consumes=[],produces=[],custom=[]}" onto public java.lang.String com.spring.photolib.webapp.controller.PhotoController.editPhoto(java.lang.Integer,java.security.Principal,org.springframework.ui.ModelMap)
17:57:48,955  INFO RequestMappingHandlerMapping:181 - Mapped "{[/photo/{pid}],methods=[GET],params=[],headers=[],consumes=[],produces=[],custom=[]}" onto public java.lang.String com.spring.photolib.webapp.controller.PhotoController.getPhotoById(java.lang.Integer,org.springframework.ui.ModelMap) throws java.io.IOException
17:57:48,958  INFO RequestMappingHandlerMapping:181 - Mapped "{[/photo/{pid}],methods=[POST],params=[],headers=[],consumes=[],produces=[],custom=[]}" onto public java.lang.String com.spring.photolib.webapp.controller.PhotoController.updatePhoto(com.spring.photolib.webapp.domain.Photo,org.springframework.validation.BindingResult,org.springframework.web.multipart.MultipartFile,java.lang.Integer,java.security.Principal,org.springframework.ui.ModelMap)
17:57:48,963  INFO RequestMappingHandlerMapping:181 - Mapped "{[/photo/{pid}],methods=[DELETE],params=[],headers=[],consumes=[],produces=[],custom=[]}" onto public java.lang.String com.spring.photolib.webapp.controller.PhotoController.deletePhoto(java.lang.Integer,java.security.Principal,org.springframework.web.servlet.mvc.support.RedirectAttributes)
17:57:48,967  INFO RequestMappingHandlerMapping:181 - Mapped "{[/photo/{pid}/image],methods=[],params=[],headers=[],consumes=[],produces=[],custom=[]}" onto public void com.spring.photolib.webapp.controller.PhotoController.getPhotoImage(java.lang.Integer,javax.servlet.http.HttpServletResponse) throws java.io.IOException
17:57:48,972  INFO RequestMappingHandlerMapping:181 - Mapped "{[/logout],methods=[GET],params=[],headers=[],consumes=[],produces=[],custom=[]}" onto public java.lang.String com.spring.photolib.webapp.controller.SessionController.logout(org.springframework.web.servlet.mvc.support.RedirectAttributes)
17:57:48,976  INFO RequestMappingHandlerMapping:181 - Mapped "{[/login-successful],methods=[GET],params=[],headers=[],consumes=[],produces=[],custom=[]}" onto public java.lang.String com.spring.photolib.webapp.controller.SessionController.successfulLogin()
17:57:48,979  INFO RequestMappingHandlerMapping:181 - Mapped "{[/login],methods=[GET],params=[],headers=[],consumes=[],produces=[],custom=[]}" onto public java.lang.String com.spring.photolib.webapp.controller.SessionController.userLogin(org.springframework.ui.ModelMap)
17:57:48,983  INFO RequestMappingHandlerMapping:181 - Mapped "{[/login-failed],methods=[GET],params=[],headers=[],consumes=[],produces=[],custom=[]}" onto public java.lang.String com.spring.photolib.webapp.controller.SessionController.invalidLogin(org.springframework.ui.ModelMap)
17:57:48,988  INFO RequestMappingHandlerMapping:181 - Mapped "{[/users/new/create],methods=[POST],params=[],headers=[],consumes=[],produces=[],custom=[]}" onto public java.lang.String com.spring.photolib.webapp.controller.UserController.createUser(com.spring.photolib.webapp.domain.User,org.springframework.validation.BindingResult,org.springframework.ui.ModelMap,javax.servlet.http.HttpServletRequest)
17:57:48,993  INFO RequestMappingHandlerMapping:181 - Mapped "{[/users/{id}/photos],methods=[GET],params=[],headers=[],consumes=[],produces=[],custom=[]}" onto public java.lang.String com.spring.photolib.webapp.controller.UserController.showUsersPhotos(java.lang.Integer,org.springframework.ui.ModelMap)
17:57:48,996  INFO RequestMappingHandlerMapping:181 - Mapped "{[/users/{id}/confirmemail],methods=[GET],params=[],headers=[],consumes=[],produces=[],custom=[]}" onto public java.lang.String com.spring.photolib.webapp.controller.UserController.showConfirmEmail(java.lang.Integer,org.springframework.ui.ModelMap)
17:57:49,000  INFO RequestMappingHandlerMapping:181 - Mapped "{[/users/new],methods=[GET],params=[],headers=[],consumes=[],produces=[],custom=[]}" onto public java.lang.String com.spring.photolib.webapp.controller.UserController.newUser(org.springframework.ui.ModelMap)
17:57:49,002  INFO RequestMappingHandlerMapping:181 - Mapped "{[/users/{id}],methods=[GET],params=[],headers=[],consumes=[],produces=[],custom=[]}" onto public java.lang.String com.spring.photolib.webapp.controller.UserController.viewUser(java.lang.Integer)
17:57:49,006  INFO RequestMappingHandlerMapping:181 - Mapped "{[/users/{id}/confirmemail/confirm],methods=[POST],params=[],headers=[],consumes=[],produces=[],custom=[]}" onto public java.lang.String com.spring.photolib.webapp.controller.UserController.confirmEmail(com.spring.photolib.webapp.domain.User,org.springframework.validation.BindingResult,java.lang.Integer,org.springframework.ui.ModelMap,org.springframework.web.servlet.mvc.support.RedirectAttributes)
17:57:49,107  INFO SimpleUrlHandlerMapping:315 - Mapped URL path [/resources/**] onto handler 'org.springframework.web.servlet.resource.ResourceHttpRequestHandler#0'
17:57:49,121  INFO ResourceDatabasePopulator:162 - Executing SQL script from class path resource [import.sql]
17:57:49,126  INFO ResourceDatabasePopulator:217 - Done executing SQL script from class path resource [import.sql] in 3 ms.
17:57:49,134  INFO HibernateTransactionManager:341 - Using DataSource [org.apache.commons.dbcp.BasicDataSource@12ea5dd] of Hibernate SessionFactory for HibernateTransactionManager
17:57:49,171  INFO DispatcherServlet:498 - FrameworkServlet 'dispatcher': initialization completed in 1199 ms
17:58:03,573  INFO PhotoController:48 - Retrieving photo list.
17:58:04,256  INFO PhotoController:50 - Photo list retrieval completed.
17:58:08,756  INFO PhotoController:176 - Retrieving photo image with id 1
17:58:08,917  INFO PhotoController:184 - Successfully retrieved photo image with id 1
17:58:10,664  INFO PhotoController:48 - Retrieving photo list.
17:58:10,753  INFO PhotoController:50 - Photo list retrieval completed.
17:58:10,823  INFO PhotoController:176 - Retrieving photo image with id 1
17:58:10,966  INFO PhotoController:184 - Successfully retrieved photo image with id 1
17:58:11,401  INFO PhotoController:48 - Retrieving photo list.
17:58:11,497  INFO PhotoController:50 - Photo list retrieval completed.
17:58:11,613  INFO PhotoController:176 - Retrieving photo image with id 1
17:58:11,740  INFO PhotoController:184 - Successfully retrieved photo image with id 1
17:58:12,760  INFO SessionController:24 - Directing to log in page
17:58:16,679  INFO SessionController:39 - User has successfully logged in
17:58:16,697  INFO PhotoController:48 - Retrieving photo list.
17:58:16,792  INFO PhotoController:50 - Photo list retrieval completed.
17:58:16,883  INFO PhotoController:176 - Retrieving photo image with id 1
17:58:17,021  INFO PhotoController:184 - Successfully retrieved photo image with id 1
17:58:18,286  INFO PhotoController:56 - Directing to photo creation page
17:58:28,547  INFO PhotoController:67 - Creating a new photo.
17:58:28,898  INFO PhotoController:81 - Photo with id 3 was successfully created.
17:58:29,310  INFO PhotoController:176 - Retrieving photo image with id 3
17:58:29,446  INFO PhotoController:184 - Successfully retrieved photo image with id 3
17:58:33,043  INFO PhotoController:142 - Deleting photo with id 3
17:58:33,330  INFO PhotoController:153 - Photo with id 3was successfully deleted
17:58:33,383  INFO PhotoController:48 - Retrieving photo list.
17:58:33,468  INFO PhotoController:50 - Photo list retrieval completed.
17:58:33,590  INFO PhotoController:176 - Retrieving photo image with id 1
17:58:33,750  INFO PhotoController:184 - Successfully retrieved photo image with id 1
17:58:36,255  INFO UserController:131 - Retrieving all photos created by user 1
17:58:36,357  INFO UserController:135 - Successfully retrieved all photos created by user 1
17:58:36,507  INFO PhotoController:176 - Retrieving photo image with id 1
17:58:36,614  INFO PhotoController:184 - Successfully retrieved photo image with id 1
17:58:37,864  INFO UserController:125 - Viewing user account for user with id 1
17:58:39,537  INFO SessionController:45 - User has successfully logged out
17:58:39,544  INFO PhotoController:48 - Retrieving photo list.
17:58:39,626  INFO PhotoController:50 - Photo list retrieval completed.
17:58:39,741  INFO PhotoController:176 - Retrieving photo image with id 1
17:58:39,871  INFO PhotoController:184 - Successfully retrieved photo image with id 1
